#
# There is insufficient memory for the Java Runtime Environment to continue.
# Native memory allocation (mmap) failed to map 132120576 bytes for G1 virtual space
# Possible reasons:
#   The system is out of physical RAM or swap space
#   The process is running with CompressedOops enabled, and the Java Heap may be blocking the growth of the native heap
# Possible solutions:
#   Reduce memory load on the system
#   Increase physical memory or swap space
#   Check if swap backing store is full
#   Decrease Java heap size (-Xmx/-Xms)
#   Decrease number of Java threads
#   Decrease Java thread stack sizes (-Xss)
#   Set larger code cache with -XX:ReservedCodeCacheSize=
#   JVM is running with Unscaled Compressed Oops mode in which the Java heap is
#     placed in the first 4GB address space. The Java Heap base address is the
#     maximum limit for the native heap growth. Please use -XX:HeapBaseMinAddress
#     to set the Java Heap base and to place the Java Heap above 4GB virtual address.
# This output file may be truncated or incomplete.
#
#  Out of Memory Error (os_windows.cpp:3557), pid=38164, tid=28544
#
# JRE version:  (17.0.6+10) (build )
# Java VM: OpenJDK 64-Bit Server VM (17.0.6+10, mixed mode, sharing, tiered, compressed oops, compressed class ptrs, g1 gc, windows-amd64)
# No core dump will be written. Minidumps are not enabled by default on client versions of Windows
#

---------------  S U M M A R Y ------------

Command Line: -XX:+ShowCodeDetailsInExceptionMessages CPTAzka

Host: Intel(R) Core(TM) i5-1035G1 CPU @ 1.00GHz, 8 cores, 7G,  Windows 11 , 64 bit Build 22621 (10.0.22621.1635)
Time: Sat May 20 19:43:38 2023 Eastern Daylight Time elapsed time: 0.014639 seconds (0d 0h 0m 0s)

---------------  T H R E A D  ---------------

Current thread (0x000001a0f7454040):  JavaThread "Unknown thread" [_thread_in_vm, id=28544, stack(0x0000001a92800000,0x0000001a92900000)]

Stack: [0x0000001a92800000,0x0000001a92900000]
Native frames: (J=compiled Java code, j=interpreted, Vv=VM code, C=native code)
V  [jvm.dll+0x67741a]
V  [jvm.dll+0x834434]
V  [jvm.dll+0x835bde]
V  [jvm.dll+0x836243]
V  [jvm.dll+0x2457b5]
V  [jvm.dll+0x674329]
V  [jvm.dll+0x6689da]
V  [jvm.dll+0x30489b]
V  [jvm.dll+0x30bd96]
V  [jvm.dll+0x35b57e]
V  [jvm.dll+0x35b7af]
V  [jvm.dll+0x2db778]
V  [jvm.dll+0x2dc6e4]
V  [jvm.dll+0x806131]
V  [jvm.dll+0x369331]
V  [jvm.dll+0x7e56ac]
V  [jvm.dll+0x3eb35f]
V  [jvm.dll+0x3ecea1]
C  [jli.dll+0x5267]
C  [ucrtbase.dll+0x29363]
C  [KERNEL32.DLL+0x126ad]
C  [ntdll.dll+0x5a9f8]


---------------  P R O C E S S  ---------------

Threads class SMR info:
_java_thread_list=0x00007ffe507a5fd8, length=0, elements={
}

Java Threads: ( => current thread )

Other Threads:
  0x000001a0f74ae680 GCTaskThread "GC Thread#0" [stack: 0x0000001a92a00000,0x0000001a92b00000] [id=14012]
  0x000001a0f74bed90 ConcurrentGCThread "G1 Main Marker" [stack: 0x0000001a92b00000,0x0000001a92c00000] [id=21308]
  0x000001a0f74bf9d0 ConcurrentGCThread "G1 Conc#0" [stack: 0x0000001a92c00000,0x0000001a92d00000] [id=44380]

[error occurred during error reporting (printing all threads), id 0xc0000005, EXCEPTION_ACCESS_VIOLATION (0xc0000005) at pc=0x00007ffe4ff7c1e7]

VM state: not at safepoint (not fully initialized)

VM Mutex/Monitor currently owned by a thread:  ([mutex/lock_event])
[0x000001a0f744e290] Heap_lock - owner thread: 0x000001a0f7454040

Heap address: 0x0000000083a00000, size: 1990 MB, Compressed Oops mode: 32-bit

CDS archive(s) mapped at: [0x0000000000000000-0x0000000000000000-0x0000000000000000), size 0, SharedBaseAddress: 0x0000000800000000, ArchiveRelocationMode: 0.
Narrow klass base: 0x0000000000000000, Narrow klass shift: 0, Narrow klass range: 0x0

GC Precious Log:
<Empty>

Heap:
 garbage-first heap   total 0K, used 0K [0x0000000083a00000, 0x0000000100000000)
  region size 1024K, 0 young (0K), 0 survivors (0K)

[error occurred during error reporting (printing heap information), id 0xc0000005, EXCEPTION_ACCESS_VIOLATION (0xc0000005) at pc=0x00007ffe503606f9]

GC Heap History (0 events):
No events

Dll operation events (1 events):
Event: 0.007 Loaded shared library C:\Users\Azka\AppData\Local\Programs\Eclipse Adoptium\jdk-17.0.6.10-hotspot\bin\java.dll

Deoptimization events (0 events):
No events

Classes unloaded (0 events):
No events

Classes redefined (0 events):
No events

Internal exceptions (0 events):
No events

VM Operations (0 events):
No events

Events (0 events):
No events


Dynamic libraries:
0x00007ff63d760000 - 0x00007ff63d76e000 	C:\Users\Azka\AppData\Local\Programs\Eclipse Adoptium\jdk-17.0.6.10-hotspot\bin\java.exe
0x00007ffef92d0000 - 0x00007ffef94e4000 	C:\WINDOWS\SYSTEM32\ntdll.dll
0x00007ffef8a70000 - 0x00007ffef8b32000 	C:\WINDOWS\System32\KERNEL32.DLL
0x00007ffef6d20000 - 0x00007ffef70c3000 	C:\WINDOWS\System32\KERNELBASE.dll
0x00007ffef6850000 - 0x00007ffef6961000 	C:\WINDOWS\System32\ucrtbase.dll
0x00007ffee6db0000 - 0x00007ffee6dc7000 	C:\Users\Azka\AppData\Local\Programs\Eclipse Adoptium\jdk-17.0.6.10-hotspot\bin\jli.dll
0x00007ffef8830000 - 0x00007ffef89db000 	C:\WINDOWS\System32\USER32.dll
0x00007ffef6970000 - 0x00007ffef6996000 	C:\WINDOWS\System32\win32u.dll
0x00007ffef8770000 - 0x00007ffef8799000 	C:\WINDOWS\System32\GDI32.dll
0x00007ffef6a90000 - 0x00007ffef6ba8000 	C:\WINDOWS\System32\gdi32full.dll
0x00007ffef66f0000 - 0x00007ffef678a000 	C:\WINDOWS\System32\msvcp_win.dll
0x00007ffecd8c0000 - 0x00007ffecd8d9000 	C:\Users\Azka\AppData\Local\Programs\Eclipse Adoptium\jdk-17.0.6.10-hotspot\bin\VCRUNTIME140.dll
0x00007ffeee8f0000 - 0x00007ffeeeb7e000 	C:\WINDOWS\WinSxS\amd64_microsoft.windows.common-controls_6595b64144ccf1df_6.0.22621.1635_none_270f70857386168e\COMCTL32.dll
0x00007ffef85b0000 - 0x00007ffef8657000 	C:\WINDOWS\System32\msvcrt.dll
0x00007ffef7590000 - 0x00007ffef75c1000 	C:\WINDOWS\System32\IMM32.DLL
0x00007ffee5490000 - 0x00007ffee55f1000 	C:\Program Files (x86)\Citrix\ICA Client\epclient64.dll
0x00007ffef7200000 - 0x00007ffef7589000 	C:\WINDOWS\System32\combase.dll
0x00007ffef7e30000 - 0x00007ffef7f47000 	C:\WINDOWS\System32\RPCRT4.dll
0x00007ffef1480000 - 0x00007ffef148a000 	C:\WINDOWS\SYSTEM32\VERSION.dll
0x00007ffef5fd0000 - 0x00007ffef5ff8000 	C:\WINDOWS\SYSTEM32\bcrypt.dll
0x00007ffef8e30000 - 0x00007ffef8ede000 	C:\WINDOWS\System32\ADVAPI32.dll
0x00007ffef86c0000 - 0x00007ffef8764000 	C:\WINDOWS\System32\sechost.dll
0x00007ffef5760000 - 0x00007ffef5794000 	C:\WINDOWS\SYSTEM32\ntmarta.dll
0x000001a0f51e0000 - 0x000001a0f525b000 	C:\WINDOWS\System32\bcryptprimitives.dll
0x00007ffef5740000 - 0x00007ffef5758000 	C:\WINDOWS\SYSTEM32\kernel.appcore.dll
0x00007ffeeada0000 - 0x00007ffeeadac000 	C:\Users\Azka\AppData\Local\Programs\Eclipse Adoptium\jdk-17.0.6.10-hotspot\bin\vcruntime140_1.dll
0x00007ffec1320000 - 0x00007ffec13b1000 	C:\Users\Azka\AppData\Local\Programs\Eclipse Adoptium\jdk-17.0.6.10-hotspot\bin\msvcp140.dll
0x00007ffe4fc90000 - 0x00007ffe508d7000 	C:\Users\Azka\AppData\Local\Programs\Eclipse Adoptium\jdk-17.0.6.10-hotspot\bin\server\jvm.dll
0x00007ffeef570000 - 0x00007ffeef579000 	C:\WINDOWS\SYSTEM32\WSOCK32.dll
0x000001a0f6b60000 - 0x000001a0f6bd1000 	C:\WINDOWS\System32\WS2_32.dll
0x00007ffef0d30000 - 0x00007ffef0d64000 	C:\WINDOWS\SYSTEM32\WINMM.dll
0x00007ffee5110000 - 0x00007ffee511a000 	C:\Users\Azka\AppData\Local\Programs\Eclipse Adoptium\jdk-17.0.6.10-hotspot\bin\jimage.dll
0x00007ffef4020000 - 0x00007ffef424e000 	C:\WINDOWS\SYSTEM32\DBGHELP.DLL
0x00007ffef9000000 - 0x00007ffef90d7000 	C:\WINDOWS\System32\OLEAUT32.dll
0x00007ffeef580000 - 0x00007ffeef5b2000 	C:\WINDOWS\SYSTEM32\dbgcore.DLL
0x00007ffec3340000 - 0x00007ffec3365000 	C:\Users\Azka\AppData\Local\Programs\Eclipse Adoptium\jdk-17.0.6.10-hotspot\bin\java.dll

dbghelp: loaded successfully - version: 4.0.5 - missing functions: none
symbol engine: initialized successfully - sym options: 0x614 - pdb path: .;C:\Users\Azka\AppData\Local\Programs\Eclipse Adoptium\jdk-17.0.6.10-hotspot\bin;C:\WINDOWS\SYSTEM32;C:\WINDOWS\WinSxS\amd64_microsoft.windows.common-controls_6595b64144ccf1df_6.0.22621.1635_none_270f70857386168e;C:\Program Files (x86)\Citrix\ICA Client;C:\Users\Azka\AppData\Local\Programs\Eclipse Adoptium\jdk-17.0.6.10-hotspot\bin\server

VM Arguments:
jvm_args: -XX:+ShowCodeDetailsInExceptionMessages 
java_command: CPTAzka
java_class_path (initial): C:\Users\Azka\AppData\Roaming\Code\User\workspaceStorage\f2b78d8402079f6eb34b6c6552312b8e\redhat.java\jdt_ws\Assignments_fea4c89b\bin
Launcher Type: SUN_STANDARD

[Global flags]
     intx CICompilerCount                          = 4                                         {product} {ergonomic}
     uint ConcGCThreads                            = 2                                         {product} {ergonomic}
     uint G1ConcRefinementThreads                  = 8                                         {product} {ergonomic}
   size_t G1HeapRegionSize                         = 1048576                                   {product} {ergonomic}
    uintx GCDrainStackTargetSize                   = 64                                        {product} {ergonomic}
   size_t InitialHeapSize                          = 132120576                                 {product} {ergonomic}
   size_t MarkStackSize                            = 4194304                                   {product} {ergonomic}
   size_t MaxHeapSize                              = 2086666240                                {product} {ergonomic}
   size_t MinHeapDeltaBytes                        = 1048576                                   {product} {ergonomic}
   size_t MinHeapSize                              = 8388608                                   {product} {ergonomic}
    uintx NonNMethodCodeHeapSize                   = 5839372                                {pd product} {ergonomic}
    uintx NonProfiledCodeHeapSize                  = 122909434                              {pd product} {ergonomic}
    uintx ProfiledCodeHeapSize                     = 122909434                              {pd product} {ergonomic}
    uintx ReservedCodeCacheSize                    = 251658240                              {pd product} {ergonomic}
     bool SegmentedCodeCache                       = true                                      {product} {ergonomic}
     bool ShowCodeDetailsInExceptionMessages       = true                                   {manageable} {command line}
   size_t SoftMaxHeapSize                          = 2086666240                             {manageable} {ergonomic}
     bool UseCompressedClassPointers               = true                           {product lp64_product} {ergonomic}
     bool UseCompressedOops                        = true                           {product lp64_product} {ergonomic}
     bool UseG1GC                                  = true                                      {product} {ergonomic}
     bool UseLargePagesIndividualAllocation        = false                                  {pd product} {ergonomic}

Logging:
Log output configuration:
 #0: stdout all=warning uptime,level,tags
 #1: stderr all=off uptime,level,tags

Environment Variables:
JAVA_HOME=C:\Users\Azka\AppData\Local\Programs\Eclipse Adoptium\jdk-17.0.6.10-hotspot\
PATH=C:\Program Files\Common Files\Oracle\Java\javapath;C:\WINDOWS\system32;C:\WINDOWS;C:\WINDOWS\System32\Wbem;C:\WINDOWS\System32\WindowsPowerShell\v1.0\;C:\WINDOWS\System32\OpenSSH\;C:\Program Files\dotnet\;C:\Program Files\Java\jdk-19\bin;C:\Python\Python311\Scripts\;C:\Python\Python311\;C:\Users\Azka\AppData\Local\Programs\Python\Launcher\;C:\Users\Azka\AppData\Local\Programs\Eclipse Adoptium\jdk-17.0.6.10-hotspot\bin;C:\Users\Azka\AppData\Local\Microsoft\WindowsApps;C:\Users\Azka\AppData\Local\GitHubDesktop\bin;C:\Program Files (x86)\Brackets\;C:\Users\Azka\AppData\Roaming\TinyTeX\bin\windows
USERNAME=Azka
LANG=en_US.UTF-8
OS=Windows_NT
PROCESSOR_IDENTIFIER=Intel64 Family 6 Model 126 Stepping 5, GenuineIntel
TMP=C:\Users\Azka\AppData\Local\Temp
TEMP=C:\Users\Azka\AppData\Local\Temp



---------------  S Y S T E M  ---------------

OS:
 Windows 11 , 64 bit Build 22621 (10.0.22621.1635)
OS uptime: 8 days 17:17 hours

CPU: total 8 (initial active 8) (4 cores per cpu, 2 threads per core) family 6 model 126 stepping 5 microcode 0xb8, cx8, cmov, fxsr, ht, mmx, 3dnowpref, sse, sse2, sse3, ssse3, sse4.1, sse4.2, popcnt, lzcnt, tsc, tscinvbit, avx, avx2, aes, erms, clmul, bmi1, bmi2, adx, avx512f, avx512dq, avx512cd, avx512bw, avx512vl, sha, fma, vzeroupper, avx512_vpopcntdq, avx512_vpclmulqdq, avx512_vaes, avx512_vnni, clflush, clflushopt, avx512_vbmi2, avx512_vbmi

Memory: 4k page, system-wide physical 7959M (482M free)
TotalPageFile size 32535M (AvailPageFile size 95M)
current process WorkingSet (physical memory assigned to process): 13M, peak: 13M
current process commit charge ("private bytes"): 61M, peak: 187M

vm_info: OpenJDK 64-Bit Server VM (17.0.6+10) for windows-amd64 JRE (17.0.6+10), built on Jan 18 2023 10:08:59 by "temurin" with MS VC++ 16.7 (VS2019)

END.
